Compilación iniciada a las 24/02/2015 1:02:04.
     1>Proyecto "D:\Master\Animacion Avanzada (AA)\Prac1b\Practica1B\AAPractica1b\AAPractica1b.vcxproj" en el nodo 2 (Build destinos).
     1>ClCompile:
         C:\Program Files (x86)\Microsoft Visual Studio 12.0\VC\bin\CL.exe /c /I"D:\Master\Animacion Avanzada (AA)\Prac1a\Coin\include" /ZI /nologo /W3 /WX- /Od /Oy- /D WIN32 /D _DEBUG /D _CONSOLE /D COIN_DLL /D SOWIN_DLL /D _UNICODE /D UNICODE /Gm /EHsc /RTC1 /MDd /GS /fp:precise /Zc:wchar_t /Zc:forScope /Fo"Debug\\" /Fd"Debug\vc120.pdb" /Gd /TP /analyze- /errorReport:prompt ExerciseSpring.cpp
         ExerciseSpring.cpp
       Link:
         C:\Program Files (x86)\Microsoft Visual Studio 12.0\VC\bin\link.exe /ERRORREPORT:PROMPT /OUT:"D:\Master\Animacion Avanzada (AA)\Prac1b\Practica1B\Debug\AAPractica1b.exe" /INCREMENTAL:NO /NOLOGO /LIBPATH:"D:\Master\Animacion Avanzada (AA)\Prac1a\Coin\lib" coin3.lib sowin1.lib kernel32.lib user32.lib gdi32.lib winspool.lib comdlg32.lib advapi32.lib shell32.lib ole32.lib oleaut32.lib uuid.lib odbc32.lib odbccp32.lib /MANIFEST /MANIFESTUAC:"level='asInvoker' uiAccess='false'" /manifest:embed /DEBUG /PDB:"D:\Master\Animacion Avanzada (AA)\Prac1b\Practica1B\Debug\AAPractica1b.pdb" /SUBSYSTEM:CONSOLE /TLBID:1 /DYNAMICBASE /NXCOMPAT /IMPLIB:"D:\Master\Animacion Avanzada (AA)\Prac1b\Practica1B\Debug\AAPractica1b.lib" /MACHINE:X86 /SAFESEH Debug\CGSolver.obj
         Debug\ExercisePoint.obj
         Debug\ExerciseSpring.obj
         Debug\GrabForce.obj
         Debug\Point.obj
         Debug\Scene.obj
         Debug\Spring.obj
         Debug\Test.obj
         Debug\Vec3.obj
     1>CGSolver.obj : warning LNK4075: se omite '/EDITANDCONTINUE' debido a la especificación '/OPT:LBR'
         AAPractica1b.vcxproj -> D:\Master\Animacion Avanzada (AA)\Prac1b\Practica1B\Debug\AAPractica1b.exe
     1>Compilación del proyecto terminada "D:\Master\Animacion Avanzada (AA)\Prac1b\Practica1B\AAPractica1b\AAPractica1b.vcxproj" (Build destinos).

Compilación correcta.

Tiempo transcurrido 00:00:05.96
